D:/103_MIS/jh_scripts/ad.v2/input/quitList_20220214.txt is True existed.
There is quit co-worker in 20220214.
OPPO-¼BÄÉ¤ª quit in 20220214.
D:/103_MIS/jh_scripts/ad.v2/002-quit/002-quit/input/quitList_20220214.txt is True existed.
There is quit co-worker in 20220214.
OPPO-¼BÄÉ¤ª quit in 20220214.
D:/103_MIS/jh_scripts/ad.v2/002-quit/002-quit/input/quitList_20220214.txt is True existed.
There is quit co-worker in 20220214.
There is quit co-worker in 20220214.
OPPO-¤ý´ú¸Õ quit in 20220214.
D:/103_MIS/jh_scripts/ad.v2/002-quit/002-quit/input/quitList_20220214.txt is True existed.
There is quit co-worker in 20220214.
OPPO-¤ý´ú¸Õ quit in 20220214.
D:/103_MIS/jh_scripts/ad.v2/002-quit/002-quit/input/quitList_20220214.txt is True existed.
There is quit co-worker in 20220214.
D:/103_MIS/jh_scripts/ad.v2/002-quit/002-quit/input/quitList_20220214.txt is True existed.
There is quit co-worker in 20220214.
D:/103_MIS/jh_scripts/ad.v2/002-quit/002-quit/input/quitList_20220214.txt is True existed.
There is quit co-worker in 20220214.
D:/103_MIS/jh_scripts/ad.v2/002-quit/002-quit/input/quitList_20220214.txt is True existed.
There is quit co-worker in 20220214.
D:/103_MIS/jh_scripts/ad.v2/002-quit/002-quit/input/quitList_20220214.txt is True existed.
There is quit co-worker in 20220214.
#
D:/103_MIS/jh_scripts/ad.v2/002-quit/002-quit/input/quitList_20220214.txt is True existed.
There is quit co-worker in 20220214.
#
D:/103_MIS/jh_scripts/ad.v2/002-quit/002-quit/input/quitList_20220214.txt is True existed.
There is quit co-worker in 20220214.
D:/103_MIS/jh_scripts/ad.v2/002-quit/002-quit/input/quitList_20220214.txt is True existed.
There is quit co-worker in 20220214.
D:/103_MIS/jh_scripts/ad.v2/002-quit/002-quit/input/quitList_20220214.txt is True existed.
There is quit co-worker in 20220214.
D:/103_MIS/jh_scripts/ad.v2/002-quit/002-quit/input/quitList_20220214.txt is True existed.
There is quit co-worker in 20220214.
OPPO-¤ý´ú¸Õ quit in 20220214.
